The system is: Linux - 2.6.32-71.el6.x86_64 - x86_64
Compiling the C compiler identification source file "CMakeCCompilerId.c" succeeded.
Compiler: /usr/bin/cc 
Build flags: 
Id flags: 

The output was:
0


Compilation of the C compiler identification source "CMakeCCompilerId.c" produced "a.out"

The C compiler identification is GNU, found in "/home/merz/BMN/GIT/trunk_220814/build/CMakeFiles/2.8.10.2/CompilerIdC/a.out"

Compiling the CXX compiler identification source file "CMakeCXXCompilerId.cpp" succeeded.
Compiler: /usr/bin/c++ 
Build flags: 
Id flags: 

The output was:
0


Compilation of the CXX compiler identification source "CMakeCXXCompilerId.cpp" produced "a.out"

The CXX compiler identification is GNU, found in "/home/merz/BMN/GIT/trunk_220814/build/CMakeFiles/2.8.10.2/CompilerIdCXX/a.out"

Determining if the C compiler works passed with the following output:
Change Dir: /home/merz/BMN/GIT/trunk_220814/build/CMakeFiles/CMakeTmp

Run Build Command:/usr/bin/gmake "cmTryCompileExec370282964/fast"
/usr/bin/gmake -f CMakeFiles/cmTryCompileExec370282964.dir/build.make CMakeFiles/cmTryCompileExec370282964.dir/build
gmake[1]: Entering directory `/home/merz/BMN/GIT/trunk_220814/build/CMakeFiles/CMakeTmp'
/opt/fairsoft/install/bin/cmake -E cmake_progress_report /home/merz/BMN/GIT/trunk_220814/build/CMakeFiles/CMakeTmp/CMakeFiles 1
Building C object CMakeFiles/cmTryCompileExec370282964.dir/testCCompiler.c.o
/usr/bin/cc    -o CMakeFiles/cmTryCompileExec370282964.dir/testCCompiler.c.o   -c /home/merz/BMN/GIT/trunk_220814/build/CMakeFiles/CMakeTmp/testCCompiler.c
Linking C executable cmTryCompileExec370282964
/opt/fairsoft/install/bin/cmake -E cmake_link_script CMakeFiles/cmTryCompileExec370282964.dir/link.txt --verbose=1
/usr/bin/cc         CMakeFiles/cmTryCompileExec370282964.dir/testCCompiler.c.o  -o cmTryCompileExec370282964 -rdynamic 
gmake[1]: Leaving directory `/home/merz/BMN/GIT/trunk_220814/build/CMakeFiles/CMakeTmp'


Detecting C compiler ABI info compiled with the following output:
Change Dir: /home/merz/BMN/GIT/trunk_220814/build/CMakeFiles/CMakeTmp

Run Build Command:/usr/bin/gmake "cmTryCompileExec2838869721/fast"
/usr/bin/gmake -f CMakeFiles/cmTryCompileExec2838869721.dir/build.make CMakeFiles/cmTryCompileExec2838869721.dir/build
gmake[1]: Entering directory `/home/merz/BMN/GIT/trunk_220814/build/CMakeFiles/CMakeTmp'
/opt/fairsoft/install/bin/cmake -E cmake_progress_report /home/merz/BMN/GIT/trunk_220814/build/CMakeFiles/CMakeTmp/CMakeFiles 1
Building C object CMakeFiles/cmTryCompileExec2838869721.dir/CMakeCCompilerABI.c.o
/usr/bin/cc    -o CMakeFiles/cmTryCompileExec2838869721.dir/CMakeCCompilerABI.c.o   -c /opt/fairsoft/install/share/cmake-2.8/Modules/CMakeCCompilerABI.c
Linking C executable cmTryCompileExec2838869721
/opt/fairsoft/install/bin/cmake -E cmake_link_script CMakeFiles/cmTryCompileExec2838869721.dir/link.txt --verbose=1
/usr/bin/cc       -v CMakeFiles/cmTryCompileExec2838869721.dir/CMakeCCompilerABI.c.o  -o cmTryCompileExec2838869721 -rdynamic  
Using built-in specs.
Target: x86_64-redhat-linux
Configured with: ../configure --prefix=/usr --mandir=/usr/share/man --infodir=/usr/share/info --with-bugurl=http://bugzilla.redhat.com/bugzilla --enable-bootstrap --enable-shared --enable-threads=posix --enable-checking=release --with-system-zlib --enable-__cxa_atexit --disable-libunwind-exceptions --enable-gnu-unique-object --enable-languages=c,c++,objc,obj-c++,java,fortran,ada --enable-java-awt=gtk --disable-dssi --with-java-home=/usr/lib/jvm/java-1.5.0-gcj-1.5.0.0/jre --enable-libgcj-multifile --enable-java-maintainer-mode --with-ecj-jar=/usr/share/java/eclipse-ecj.jar --disable-libjava-multilib --with-ppl --with-cloog --with-tune=generic --with-arch_32=i686 --build=x86_64-redhat-linux
Thread model: posix
gcc version 4.4.4 20100726 (Red Hat 4.4.4-13) (GCC) 
COMPILER_PATH=/usr/libexec/gcc/x86_64-redhat-linux/4.4.4/:/usr/libexec/gcc/x86_64-redhat-linux/4.4.4/:/usr/libexec/gcc/x86_64-redhat-linux/:/usr/lib/gcc/x86_64-redhat-linux/4.4.4/:/usr/lib/gcc/x86_64-redhat-linux/:/usr/libexec/gcc/x86_64-redhat-linux/4.4.4/:/usr/libexec/gcc/x86_64-redhat-linux/:/usr/lib/gcc/x86_64-redhat-linux/4.4.4/:/usr/lib/gcc/x86_64-redhat-linux/
LIBRARY_PATH=/usr/lib/gcc/x86_64-redhat-linux/4.4.4/:/usr/lib/gcc/x86_64-redhat-linux/4.4.4/:/usr/lib/gcc/x86_64-redhat-linux/4.4.4/../../../../lib64/:/lib/../lib64/:/usr/lib/../lib64/:/usr/lib/gcc/x86_64-redhat-linux/4.4.4/../../../:/lib/:/usr/lib/
COLLECT_GCC_OPTIONS='-v' '-o' 'cmTryCompileExec2838869721' '-rdynamic' '-mtune=generic'
 /usr/libexec/gcc/x86_64-redhat-linux/4.4.4/collect2 --eh-frame-hdr --build-id -m elf_x86_64 --hash-style=gnu -export-dynamic -dynamic-linker /lib64/ld-linux-x86-64.so.2 -o cmTryCompileExec2838869721 /usr/lib/gcc/x86_64-redhat-linux/4.4.4/../../../../lib64/crt1.o /usr/lib/gcc/x86_64-redhat-linux/4.4.4/../../../../lib64/crti.o /usr/lib/gcc/x86_64-redhat-linux/4.4.4/crtbegin.o -L/usr/lib/gcc/x86_64-redhat-linux/4.4.4 -L/usr/lib/gcc/x86_64-redhat-linux/4.4.4 -L/usr/lib/gcc/x86_64-redhat-linux/4.4.4/../../../../lib64 -L/lib/../lib64 -L/usr/lib/../lib64 -L/usr/lib/gcc/x86_64-redhat-linux/4.4.4/../../.. CMakeFiles/cmTryCompileExec2838869721.dir/CMakeCCompilerABI.c.o -lgcc --as-needed -lgcc_s --no-as-needed -lc -lgcc --as-needed -lgcc_s --no-as-needed /usr/lib/gcc/x86_64-redhat-linux/4.4.4/crtend.o /usr/lib/gcc/x86_64-redhat-linux/4.4.4/../../../../lib64/crtn.o
gmake[1]: Leaving directory `/home/merz/BMN/GIT/trunk_220814/build/CMakeFiles/CMakeTmp'


Parsed C implicit link information from above output:
  link line regex: [^( *|.*[/\])(ld|ld|collect2)[^/\]*( |$)]
  ignore line: [Change Dir: /home/merz/BMN/GIT/trunk_220814/build/CMakeFiles/CMakeTmp]
  ignore line: []
  ignore line: [Run Build Command:/usr/bin/gmake "cmTryCompileExec2838869721/fast"]
  ignore line: [/usr/bin/gmake -f CMakeFiles/cmTryCompileExec2838869721.dir/build.make CMakeFiles/cmTryCompileExec2838869721.dir/build]
  ignore line: [gmake[1]: Entering directory `/home/merz/BMN/GIT/trunk_220814/build/CMakeFiles/CMakeTmp']
  ignore line: [/opt/fairsoft/install/bin/cmake -E cmake_progress_report /home/merz/BMN/GIT/trunk_220814/build/CMakeFiles/CMakeTmp/CMakeFiles 1]
  ignore line: [Building C object CMakeFiles/cmTryCompileExec2838869721.dir/CMakeCCompilerABI.c.o]
  ignore line: [/usr/bin/cc    -o CMakeFiles/cmTryCompileExec2838869721.dir/CMakeCCompilerABI.c.o   -c /opt/fairsoft/install/share/cmake-2.8/Modules/CMakeCCompilerABI.c]
  ignore line: [Linking C executable cmTryCompileExec2838869721]
  ignore line: [/opt/fairsoft/install/bin/cmake -E cmake_link_script CMakeFiles/cmTryCompileExec2838869721.dir/link.txt --verbose=1]
  ignore line: [/usr/bin/cc       -v CMakeFiles/cmTryCompileExec2838869721.dir/CMakeCCompilerABI.c.o  -o cmTryCompileExec2838869721 -rdynamic  ]
  ignore line: [Using built-in specs.]
  ignore line: [Target: x86_64-redhat-linux]
  ignore line: [Configured with: ../configure --prefix=/usr --mandir=/usr/share/man --infodir=/usr/share/info --with-bugurl=http://bugzilla.redhat.com/bugzilla --enable-bootstrap --enable-shared --enable-threads=posix --enable-checking=release --with-system-zlib --enable-__cxa_atexit --disable-libunwind-exceptions --enable-gnu-unique-object --enable-languages=c,c++,objc,obj-c++,java,fortran,ada --enable-java-awt=gtk --disable-dssi --with-java-home=/usr/lib/jvm/java-1.5.0-gcj-1.5.0.0/jre --enable-libgcj-multifile --enable-java-maintainer-mode --with-ecj-jar=/usr/share/java/eclipse-ecj.jar --disable-libjava-multilib --with-ppl --with-cloog --with-tune=generic --with-arch_32=i686 --build=x86_64-redhat-linux]
  ignore line: [Thread model: posix]
  ignore line: [gcc version 4.4.4 20100726 (Red Hat 4.4.4-13) (GCC) ]
  ignore line: [COMPILER_PATH=/usr/libexec/gcc/x86_64-redhat-linux/4.4.4/:/usr/libexec/gcc/x86_64-redhat-linux/4.4.4/:/usr/libexec/gcc/x86_64-redhat-linux/:/usr/lib/gcc/x86_64-redhat-linux/4.4.4/:/usr/lib/gcc/x86_64-redhat-linux/:/usr/libexec/gcc/x86_64-redhat-linux/4.4.4/:/usr/libexec/gcc/x86_64-redhat-linux/:/usr/lib/gcc/x86_64-redhat-linux/4.4.4/:/usr/lib/gcc/x86_64-redhat-linux/]
  ignore line: [LIBRARY_PATH=/usr/lib/gcc/x86_64-redhat-linux/4.4.4/:/usr/lib/gcc/x86_64-redhat-linux/4.4.4/:/usr/lib/gcc/x86_64-redhat-linux/4.4.4/../../../../lib64/:/lib/../lib64/:/usr/lib/../lib64/:/usr/lib/gcc/x86_64-redhat-linux/4.4.4/../../../:/lib/:/usr/lib/]
  ignore line: [COLLECT_GCC_OPTIONS='-v' '-o' 'cmTryCompileExec2838869721' '-rdynamic' '-mtune=generic']
  link line: [ /usr/libexec/gcc/x86_64-redhat-linux/4.4.4/collect2 --eh-frame-hdr --build-id -m elf_x86_64 --hash-style=gnu -export-dynamic -dynamic-linker /lib64/ld-linux-x86-64.so.2 -o cmTryCompileExec2838869721 /usr/lib/gcc/x86_64-redhat-linux/4.4.4/../../../../lib64/crt1.o /usr/lib/gcc/x86_64-redhat-linux/4.4.4/../../../../lib64/crti.o /usr/lib/gcc/x86_64-redhat-linux/4.4.4/crtbegin.o -L/usr/lib/gcc/x86_64-redhat-linux/4.4.4 -L/usr/lib/gcc/x86_64-redhat-linux/4.4.4 -L/usr/lib/gcc/x86_64-redhat-linux/4.4.4/../../../../lib64 -L/lib/../lib64 -L/usr/lib/../lib64 -L/usr/lib/gcc/x86_64-redhat-linux/4.4.4/../../.. CMakeFiles/cmTryCompileExec2838869721.dir/CMakeCCompilerABI.c.o -lgcc --as-needed -lgcc_s --no-as-needed -lc -lgcc --as-needed -lgcc_s --no-as-needed /usr/lib/gcc/x86_64-redhat-linux/4.4.4/crtend.o /usr/lib/gcc/x86_64-redhat-linux/4.4.4/../../../../lib64/crtn.o]
    arg [/usr/libexec/gcc/x86_64-redhat-linux/4.4.4/collect2] ==> ignore
    arg [--eh-frame-hdr] ==> ignore
    arg [--build-id] ==> ignore
    arg [-m] ==> ignore
    arg [elf_x86_64] ==> ignore
    arg [--hash-style=gnu] ==> ignore
    arg [-export-dynamic] ==> ignore
    arg [-dynamic-linker] ==> ignore
    arg [/lib64/ld-linux-x86-64.so.2] ==> ignore
    arg [-o] ==> ignore
    arg [cmTryCompileExec2838869721] ==> ignore
    arg [/usr/lib/gcc/x86_64-redhat-linux/4.4.4/../../../../lib64/crt1.o] ==> ignore
    arg [/usr/lib/gcc/x86_64-redhat-linux/4.4.4/../../../../lib64/crti.o] ==> ignore
    arg [/usr/lib/gcc/x86_64-redhat-linux/4.4.4/crtbegin.o] ==> ignore
    arg [-L/usr/lib/gcc/x86_64-redhat-linux/4.4.4] ==> dir [/usr/lib/gcc/x86_64-redhat-linux/4.4.4]
    arg [-L/usr/lib/gcc/x86_64-redhat-linux/4.4.4] ==> dir [/usr/lib/gcc/x86_64-redhat-linux/4.4.4]
    arg [-L/usr/lib/gcc/x86_64-redhat-linux/4.4.4/../../../../lib64] ==> dir [/usr/lib/gcc/x86_64-redhat-linux/4.4.4/../../../../lib64]
    arg [-L/lib/../lib64] ==> dir [/lib/../lib64]
    arg [-L/usr/lib/../lib64] ==> dir [/usr/lib/../lib64]
    arg [-L/usr/lib/gcc/x86_64-redhat-linux/4.4.4/../../..] ==> dir [/usr/lib/gcc/x86_64-redhat-linux/4.4.4/../../..]
    arg [CMakeFiles/cmTryCompileExec2838869721.dir/CMakeCCompilerABI.c.o] ==> ignore
    arg [-lgcc] ==> lib [gcc]
    arg [--as-needed] ==> ignore
    arg [-lgcc_s] ==> lib [gcc_s]
    arg [--no-as-needed] ==> ignore
    arg [-lc] ==> lib [c]
    arg [-lgcc] ==> lib [gcc]
    arg [--as-needed] ==> ignore
    arg [-lgcc_s] ==> lib [gcc_s]
    arg [--no-as-needed] ==> ignore
    arg [/usr/lib/gcc/x86_64-redhat-linux/4.4.4/crtend.o] ==> ignore
    arg [/usr/lib/gcc/x86_64-redhat-linux/4.4.4/../../../../lib64/crtn.o] ==> ignore
  remove lib [gcc]
  remove lib [gcc_s]
  remove lib [gcc]
  remove lib [gcc_s]
  collapse dir [/usr/lib/gcc/x86_64-redhat-linux/4.4.4] ==> [/usr/lib/gcc/x86_64-redhat-linux/4.4.4]
  collapse dir [/usr/lib/gcc/x86_64-redhat-linux/4.4.4] ==> [/usr/lib/gcc/x86_64-redhat-linux/4.4.4]
  collapse dir [/usr/lib/gcc/x86_64-redhat-linux/4.4.4/../../../../lib64] ==> [/usr/lib64]
  collapse dir [/lib/../lib64] ==> [/lib64]
  collapse dir [/usr/lib/../lib64] ==> [/usr/lib64]
  collapse dir [/usr/lib/gcc/x86_64-redhat-linux/4.4.4/../../..] ==> [/usr/lib]
  implicit libs: [c]
  implicit dirs: [/usr/lib/gcc/x86_64-redhat-linux/4.4.4;/usr/lib64;/lib64;/usr/lib]


Determining if the CXX compiler works passed with the following output:
Change Dir: /home/merz/BMN/GIT/trunk_220814/build/CMakeFiles/CMakeTmp

Run Build Command:/usr/bin/gmake "cmTryCompileExec1643864891/fast"
/usr/bin/gmake -f CMakeFiles/cmTryCompileExec1643864891.dir/build.make CMakeFiles/cmTryCompileExec1643864891.dir/build
gmake[1]: Entering directory `/home/merz/BMN/GIT/trunk_220814/build/CMakeFiles/CMakeTmp'
/opt/fairsoft/install/bin/cmake -E cmake_progress_report /home/merz/BMN/GIT/trunk_220814/build/CMakeFiles/CMakeTmp/CMakeFiles 1
Building CXX object CMakeFiles/cmTryCompileExec1643864891.dir/testCXXCompiler.cxx.o
/usr/bin/c++     -o CMakeFiles/cmTryCompileExec1643864891.dir/testCXXCompiler.cxx.o -c /home/merz/BMN/GIT/trunk_220814/build/CMakeFiles/CMakeTmp/testCXXCompiler.cxx
Linking CXX executable cmTryCompileExec1643864891
/opt/fairsoft/install/bin/cmake -E cmake_link_script CMakeFiles/cmTryCompileExec1643864891.dir/link.txt --verbose=1
/usr/bin/c++          CMakeFiles/cmTryCompileExec1643864891.dir/testCXXCompiler.cxx.o  -o cmTryCompileExec1643864891 -rdynamic 
gmake[1]: Leaving directory `/home/merz/BMN/GIT/trunk_220814/build/CMakeFiles/CMakeTmp'


Detecting CXX compiler ABI info compiled with the following output:
Change Dir: /home/merz/BMN/GIT/trunk_220814/build/CMakeFiles/CMakeTmp

Run Build Command:/usr/bin/gmake "cmTryCompileExec4146252375/fast"
/usr/bin/gmake -f CMakeFiles/cmTryCompileExec4146252375.dir/build.make CMakeFiles/cmTryCompileExec4146252375.dir/build
gmake[1]: Entering directory `/home/merz/BMN/GIT/trunk_220814/build/CMakeFiles/CMakeTmp'
/opt/fairsoft/install/bin/cmake -E cmake_progress_report /home/merz/BMN/GIT/trunk_220814/build/CMakeFiles/CMakeTmp/CMakeFiles 1
Building CXX object CMakeFiles/cmTryCompileExec4146252375.dir/CMakeCXXCompilerABI.cpp.o
/usr/bin/c++     -o CMakeFiles/cmTryCompileExec4146252375.dir/CMakeCXXCompilerABI.cpp.o -c /opt/fairsoft/install/share/cmake-2.8/Modules/CMakeCXXCompilerABI.cpp
Linking CXX executable cmTryCompileExec4146252375
/opt/fairsoft/install/bin/cmake -E cmake_link_script CMakeFiles/cmTryCompileExec4146252375.dir/link.txt --verbose=1
/usr/bin/c++        -v CMakeFiles/cmTryCompileExec4146252375.dir/CMakeCXXCompilerABI.cpp.o  -o cmTryCompileExec4146252375 -rdynamic  
Using built-in specs.
Target: x86_64-redhat-linux
Configured with: ../configure --prefix=/usr --mandir=/usr/share/man --infodir=/usr/share/info --with-bugurl=http://bugzilla.redhat.com/bugzilla --enable-bootstrap --enable-shared --enable-threads=posix --enable-checking=release --with-system-zlib --enable-__cxa_atexit --disable-libunwind-exceptions --enable-gnu-unique-object --enable-languages=c,c++,objc,obj-c++,java,fortran,ada --enable-java-awt=gtk --disable-dssi --with-java-home=/usr/lib/jvm/java-1.5.0-gcj-1.5.0.0/jre --enable-libgcj-multifile --enable-java-maintainer-mode --with-ecj-jar=/usr/share/java/eclipse-ecj.jar --disable-libjava-multilib --with-ppl --with-cloog --with-tune=generic --with-arch_32=i686 --build=x86_64-redhat-linux
Thread model: posix
gcc version 4.4.4 20100726 (Red Hat 4.4.4-13) (GCC) 
COMPILER_PATH=/usr/libexec/gcc/x86_64-redhat-linux/4.4.4/:/usr/libexec/gcc/x86_64-redhat-linux/4.4.4/:/usr/libexec/gcc/x86_64-redhat-linux/:/usr/lib/gcc/x86_64-redhat-linux/4.4.4/:/usr/lib/gcc/x86_64-redhat-linux/:/usr/libexec/gcc/x86_64-redhat-linux/4.4.4/:/usr/libexec/gcc/x86_64-redhat-linux/:/usr/lib/gcc/x86_64-redhat-linux/4.4.4/:/usr/lib/gcc/x86_64-redhat-linux/
LIBRARY_PATH=/usr/lib/gcc/x86_64-redhat-linux/4.4.4/:/usr/lib/gcc/x86_64-redhat-linux/4.4.4/:/usr/lib/gcc/x86_64-redhat-linux/4.4.4/../../../../lib64/:/lib/../lib64/:/usr/lib/../lib64/:/usr/lib/gcc/x86_64-redhat-linux/4.4.4/../../../:/lib/:/usr/lib/
COLLECT_GCC_OPTIONS='-v' '-o' 'cmTryCompileExec4146252375' '-rdynamic' '-shared-libgcc' '-mtune=generic'
 /usr/libexec/gcc/x86_64-redhat-linux/4.4.4/collect2 --eh-frame-hdr --build-id -m elf_x86_64 --hash-style=gnu -export-dynamic -dynamic-linker /lib64/ld-linux-x86-64.so.2 -o cmTryCompileExec4146252375 /usr/lib/gcc/x86_64-redhat-linux/4.4.4/../../../../lib64/crt1.o /usr/lib/gcc/x86_64-redhat-linux/4.4.4/../../../../lib64/crti.o /usr/lib/gcc/x86_64-redhat-linux/4.4.4/crtbegin.o -L/usr/lib/gcc/x86_64-redhat-linux/4.4.4 -L/usr/lib/gcc/x86_64-redhat-linux/4.4.4 -L/usr/lib/gcc/x86_64-redhat-linux/4.4.4/../../../../lib64 -L/lib/../lib64 -L/usr/lib/../lib64 -L/usr/lib/gcc/x86_64-redhat-linux/4.4.4/../../.. CMakeFiles/cmTryCompileExec4146252375.dir/CMakeCXXCompilerABI.cpp.o -lstdc++ -lm -lgcc_s -lgcc -lc -lgcc_s -lgcc /usr/lib/gcc/x86_64-redhat-linux/4.4.4/crtend.o /usr/lib/gcc/x86_64-redhat-linux/4.4.4/../../../../lib64/crtn.o
gmake[1]: Leaving directory `/home/merz/BMN/GIT/trunk_220814/build/CMakeFiles/CMakeTmp'


Parsed CXX implicit link information from above output:
  link line regex: [^( *|.*[/\])(ld|ld|collect2)[^/\]*( |$)]
  ignore line: [Change Dir: /home/merz/BMN/GIT/trunk_220814/build/CMakeFiles/CMakeTmp]
  ignore line: []
  ignore line: [Run Build Command:/usr/bin/gmake "cmTryCompileExec4146252375/fast"]
  ignore line: [/usr/bin/gmake -f CMakeFiles/cmTryCompileExec4146252375.dir/build.make CMakeFiles/cmTryCompileExec4146252375.dir/build]
  ignore line: [gmake[1]: Entering directory `/home/merz/BMN/GIT/trunk_220814/build/CMakeFiles/CMakeTmp']
  ignore line: [/opt/fairsoft/install/bin/cmake -E cmake_progress_report /home/merz/BMN/GIT/trunk_220814/build/CMakeFiles/CMakeTmp/CMakeFiles 1]
  ignore line: [Building CXX object CMakeFiles/cmTryCompileExec4146252375.dir/CMakeCXXCompilerABI.cpp.o]
  ignore line: [/usr/bin/c++     -o CMakeFiles/cmTryCompileExec4146252375.dir/CMakeCXXCompilerABI.cpp.o -c /opt/fairsoft/install/share/cmake-2.8/Modules/CMakeCXXCompilerABI.cpp]
  ignore line: [Linking CXX executable cmTryCompileExec4146252375]
  ignore line: [/opt/fairsoft/install/bin/cmake -E cmake_link_script CMakeFiles/cmTryCompileExec4146252375.dir/link.txt --verbose=1]
  ignore line: [/usr/bin/c++        -v CMakeFiles/cmTryCompileExec4146252375.dir/CMakeCXXCompilerABI.cpp.o  -o cmTryCompileExec4146252375 -rdynamic  ]
  ignore line: [Using built-in specs.]
  ignore line: [Target: x86_64-redhat-linux]
  ignore line: [Configured with: ../configure --prefix=/usr --mandir=/usr/share/man --infodir=/usr/share/info --with-bugurl=http://bugzilla.redhat.com/bugzilla --enable-bootstrap --enable-shared --enable-threads=posix --enable-checking=release --with-system-zlib --enable-__cxa_atexit --disable-libunwind-exceptions --enable-gnu-unique-object --enable-languages=c,c++,objc,obj-c++,java,fortran,ada --enable-java-awt=gtk --disable-dssi --with-java-home=/usr/lib/jvm/java-1.5.0-gcj-1.5.0.0/jre --enable-libgcj-multifile --enable-java-maintainer-mode --with-ecj-jar=/usr/share/java/eclipse-ecj.jar --disable-libjava-multilib --with-ppl --with-cloog --with-tune=generic --with-arch_32=i686 --build=x86_64-redhat-linux]
  ignore line: [Thread model: posix]
  ignore line: [gcc version 4.4.4 20100726 (Red Hat 4.4.4-13) (GCC) ]
  ignore line: [COMPILER_PATH=/usr/libexec/gcc/x86_64-redhat-linux/4.4.4/:/usr/libexec/gcc/x86_64-redhat-linux/4.4.4/:/usr/libexec/gcc/x86_64-redhat-linux/:/usr/lib/gcc/x86_64-redhat-linux/4.4.4/:/usr/lib/gcc/x86_64-redhat-linux/:/usr/libexec/gcc/x86_64-redhat-linux/4.4.4/:/usr/libexec/gcc/x86_64-redhat-linux/:/usr/lib/gcc/x86_64-redhat-linux/4.4.4/:/usr/lib/gcc/x86_64-redhat-linux/]
  ignore line: [LIBRARY_PATH=/usr/lib/gcc/x86_64-redhat-linux/4.4.4/:/usr/lib/gcc/x86_64-redhat-linux/4.4.4/:/usr/lib/gcc/x86_64-redhat-linux/4.4.4/../../../../lib64/:/lib/../lib64/:/usr/lib/../lib64/:/usr/lib/gcc/x86_64-redhat-linux/4.4.4/../../../:/lib/:/usr/lib/]
  ignore line: [COLLECT_GCC_OPTIONS='-v' '-o' 'cmTryCompileExec4146252375' '-rdynamic' '-shared-libgcc' '-mtune=generic']
  link line: [ /usr/libexec/gcc/x86_64-redhat-linux/4.4.4/collect2 --eh-frame-hdr --build-id -m elf_x86_64 --hash-style=gnu -export-dynamic -dynamic-linker /lib64/ld-linux-x86-64.so.2 -o cmTryCompileExec4146252375 /usr/lib/gcc/x86_64-redhat-linux/4.4.4/../../../../lib64/crt1.o /usr/lib/gcc/x86_64-redhat-linux/4.4.4/../../../../lib64/crti.o /usr/lib/gcc/x86_64-redhat-linux/4.4.4/crtbegin.o -L/usr/lib/gcc/x86_64-redhat-linux/4.4.4 -L/usr/lib/gcc/x86_64-redhat-linux/4.4.4 -L/usr/lib/gcc/x86_64-redhat-linux/4.4.4/../../../../lib64 -L/lib/../lib64 -L/usr/lib/../lib64 -L/usr/lib/gcc/x86_64-redhat-linux/4.4.4/../../.. CMakeFiles/cmTryCompileExec4146252375.dir/CMakeCXXCompilerABI.cpp.o -lstdc++ -lm -lgcc_s -lgcc -lc -lgcc_s -lgcc /usr/lib/gcc/x86_64-redhat-linux/4.4.4/crtend.o /usr/lib/gcc/x86_64-redhat-linux/4.4.4/../../../../lib64/crtn.o]
    arg [/usr/libexec/gcc/x86_64-redhat-linux/4.4.4/collect2] ==> ignore
    arg [--eh-frame-hdr] ==> ignore
    arg [--build-id] ==> ignore
    arg [-m] ==> ignore
    arg [elf_x86_64] ==> ignore
    arg [--hash-style=gnu] ==> ignore
    arg [-export-dynamic] ==> ignore
    arg [-dynamic-linker] ==> ignore
    arg [/lib64/ld-linux-x86-64.so.2] ==> ignore
    arg [-o] ==> ignore
    arg [cmTryCompileExec4146252375] ==> ignore
    arg [/usr/lib/gcc/x86_64-redhat-linux/4.4.4/../../../../lib64/crt1.o] ==> ignore
    arg [/usr/lib/gcc/x86_64-redhat-linux/4.4.4/../../../../lib64/crti.o] ==> ignore
    arg [/usr/lib/gcc/x86_64-redhat-linux/4.4.4/crtbegin.o] ==> ignore
    arg [-L/usr/lib/gcc/x86_64-redhat-linux/4.4.4] ==> dir [/usr/lib/gcc/x86_64-redhat-linux/4.4.4]
    arg [-L/usr/lib/gcc/x86_64-redhat-linux/4.4.4] ==> dir [/usr/lib/gcc/x86_64-redhat-linux/4.4.4]
    arg [-L/usr/lib/gcc/x86_64-redhat-linux/4.4.4/../../../../lib64] ==> dir [/usr/lib/gcc/x86_64-redhat-linux/4.4.4/../../../../lib64]
    arg [-L/lib/../lib64] ==> dir [/lib/../lib64]
    arg [-L/usr/lib/../lib64] ==> dir [/usr/lib/../lib64]
    arg [-L/usr/lib/gcc/x86_64-redhat-linux/4.4.4/../../..] ==> dir [/usr/lib/gcc/x86_64-redhat-linux/4.4.4/../../..]
    arg [CMakeFiles/cmTryCompileExec4146252375.dir/CMakeCXXCompilerABI.cpp.o] ==> ignore
    arg [-lstdc++] ==> lib [stdc++]
    arg [-lm] ==> lib [m]
    arg [-lgcc_s] ==> lib [gcc_s]
    arg [-lgcc] ==> lib [gcc]
    arg [-lc] ==> lib [c]
    arg [-lgcc_s] ==> lib [gcc_s]
    arg [-lgcc] ==> lib [gcc]
    arg [/usr/lib/gcc/x86_64-redhat-linux/4.4.4/crtend.o] ==> ignore
    arg [/usr/lib/gcc/x86_64-redhat-linux/4.4.4/../../../../lib64/crtn.o] ==> ignore
  remove lib [gcc_s]
  remove lib [gcc]
  remove lib [gcc_s]
  remove lib [gcc]
  collapse dir [/usr/lib/gcc/x86_64-redhat-linux/4.4.4] ==> [/usr/lib/gcc/x86_64-redhat-linux/4.4.4]
  collapse dir [/usr/lib/gcc/x86_64-redhat-linux/4.4.4] ==> [/usr/lib/gcc/x86_64-redhat-linux/4.4.4]
  collapse dir [/usr/lib/gcc/x86_64-redhat-linux/4.4.4/../../../../lib64] ==> [/usr/lib64]
  collapse dir [/lib/../lib64] ==> [/lib64]
  collapse dir [/usr/lib/../lib64] ==> [/usr/lib64]
  collapse dir [/usr/lib/gcc/x86_64-redhat-linux/4.4.4/../../..] ==> [/usr/lib]
  implicit libs: [stdc++;m;c]
  implicit dirs: [/usr/lib/gcc/x86_64-redhat-linux/4.4.4;/usr/lib64;/lib64;/usr/lib]


